2022/09/05 20:07:42 [INFO] Create Mandito's grave at -23x75x4146
2022/09/05 20:08:12 [INFO] Create Mandito's grave at -16x32x-1697
2022/09/05 20:56:15 [INFO] Create LazyChejo's grave at 4963x49x5136
2022/09/05 21:00:21 [INFO] Create iKaibil's grave at 4858x48x5203
2022/09/05 21:00:22 [INFO] Create PechoPlomo800's grave at 4854x44x5210
2022/09/05 21:01:49 [INFO] Create iKaibil's grave at 4891x48x5254
2022/09/05 21:01:54 [INFO] Create PechoPlomo800's grave at 4855x45x5211
2022/09/05 21:11:25 [INFO] Create LazyChejo's grave at 4874x41x5198
2022/09/05 21:11:43 [INFO] Create PechoPlomo800's grave at 4869x43x5208
2022/09/05 21:17:13 [INFO] Create LazyChejo's grave at 4872x41x5199
2022/09/05 21:19:26 [INFO] Create Villager's grave at 4901x70x5171
2022/09/05 21:19:36 [INFO] Create PechoPlomo800's grave at 4846x60x5227
2022/09/05 21:20:00 [INFO] Create LazyChejo's grave at 4857x49x5204
2022/09/05 21:21:41 [INFO] Create PechoPlomo800's grave at 4874x69x5185
2022/09/05 21:21:46 [INFO] Create Villager's grave at 4884x55x5140
2022/09/05 21:27:26 [INFO] Create Villager's grave at 4901x74x5172
2022/09/05 21:28:11 [INFO] Create PechoPlomo800's grave at 4873x77x5183
2022/09/05 21:28:45 [INFO] Create Villager's grave at 4893x68x5146
2022/09/05 21:32:23 [INFO] Create LazyChejo's grave at 4865x45x5210
2022/09/05 23:14:36 [INFO] Create Skeleton Horse's grave at 5041x70x5147
2022/09/05 23:14:52 [INFO] Create Skeleton Horse's grave at 5031x70x5117
2022/09/05 23:14:55 [INFO] Create Skeleton Horse's grave at 5038x69x5108
2022/09/05 23:37:30 [INFO] Create iKaibil's grave at 4770x62x5223
2022/09/05 23:38:21 [INFO] Create PechoPlomo800's grave at 4771x62x5224
2022/09/05 23:49:06 [INFO] Create iKaibil's grave at 4799x46x5221
2022/09/05 23:49:14 [INFO] Create PechoPlomo800's grave at 4774x45x5216
2022/09/05 23:50:21 [INFO] Create iKaibil's grave at 4872x65x5185
2022/09/05 23:53:10 [INFO] Create iKaibil's grave at 4803x51x5213
2022/09/06 00:04:32 [INFO] Create Skeleton Horse's grave at 4982x70x5216
2022/09/06 02:46:07 [INFO] Create iKaibil's grave at 4881x26x5287
2022/09/06 02:46:14 [INFO] Create PechoPlomo800's grave at 4873x23x5279
2022/09/06 02:55:19 [INFO] Create juanquis44's grave at 4878x27x5282
2022/09/06 03:04:10 [INFO] Create Villager's grave at 4872x63x5144
2022/09/06 04:01:54 [INFO] Create iKaibil's grave at 4838x11x5214
2022/09/06 04:08:01 [INFO] Create SrDumpling's grave at 4835x15x5208
2022/09/06 04:48:13 [INFO] Create Villager's grave at 4875x62x5130
2022/09/06 05:43:50 [INFO] Create Villager's grave at 5162x67x5175
2022/09/06 06:10:42 [INFO] Create iKaibil's grave at 5109x32x5166
2022/09/06 06:10:50 [INFO] Create HozYi's grave at 5097x32x5130
2022/09/06 06:13:17 [INFO] Create HozYi's grave at 5106x32x5139
2022/09/06 06:48:29 [INFO] Create iKaibil's grave at 5085x32x5081
2022/09/06 06:49:37 [INFO] Create iKaibil's grave at 4867x73x5186
2022/09/06 13:23:31 [INFO] Create Mandito's grave at 4792x45x5218
2022/09/06 13:44:14 [INFO] Create Mandito's grave at 4855x56x5192
2022/09/06 13:45:09 [INFO] Create Mandito's grave at 4863x63x5178
2022/09/06 13:45:19 [INFO] Create Wolf's grave at 4866x64x5179
2022/09/06 15:45:01 [INFO] Create Mandito's grave at 4958x4x5059
2022/09/06 15:59:26 [INFO] Create Mandito's grave at 4972x5x5092
2022/09/06 18:09:36 [INFO] Create Villager's grave at 4881x64x5127
2022/09/06 18:44:31 [INFO] Create Mandito's grave at 4840x50x4925
2022/09/06 18:49:01 [INFO] Create Mandito's grave at 3070x36x1501
2022/09/06 18:50:10 [INFO] Create Mandito's grave at 4498x69x-3619
2022/09/06 18:57:45 [INFO] Create Mandito's grave at 662x68x222
2022/09/06 19:12:42 [INFO] Create Mandito's grave at 4868x74x4907
2022/09/06 19:14:38 [INFO] Create Mandito's grave at 4907x62x4956
2022/09/06 19:15:22 [INFO] Create Mandito's grave at 4894x77x4933
2022/09/06 19:15:48 [INFO] Create Mandito's grave at 4883x75x4919
2022/09/06 19:32:43 [INFO] Create Cat's grave at 1002x73x409
2022/09/06 19:33:01 [INFO] Create Cat's grave at 1002x70x372
2022/09/06 19:33:50 [INFO] Create Villager's grave at 1104x53x296
2022/09/06 19:35:13 [INFO] Create Villager's grave at 1090x51x290
2022/09/06 19:35:47 [INFO] Create Villager's grave at 1126x67x377
2022/09/06 19:36:00 [INFO] Create Villager's grave at 1074x64x311
2022/09/06 19:37:56 [INFO] Create Villager's grave at 1072x64x305
2022/09/06 19:38:08 [INFO] Create Villager's grave at 1071x64x303
2022/09/06 20:10:15 [INFO] Create Villager's grave at 4873x64x5120
2022/09/06 20:11:23 [INFO] Create Wolf's grave at 4861x57x5180
2022/09/06 20:56:16 [INFO] Create Mandito's grave at 4979x69x5253
2022/09/06 21:19:31 [INFO] Create Mandito's grave at 4960x8x5171
2022/09/07 01:26:21 [INFO] Create Villager's grave at 4870x63x5143
2022/09/07 02:16:53 [INFO] Create Mandito's grave at 4868x64x5192
2022/09/07 04:02:12 [INFO] Create Mandito's grave at 4772x97x4547
2022/09/07 05:02:09 [INFO] Create Villager's grave at 5162x67x5172
2022/09/07 05:02:28 [INFO] Create Villager's grave at 5169x68x5167
2022/09/07 05:21:01 [INFO] Create LazyChejo's grave at 5155x28x4995
2022/09/07 06:24:52 [INFO] Create PechoPlomo800's grave at 4903x64x5228
2022/09/07 17:19:07 [INFO] Create Mandito's grave at 5031x75x4894
2022/09/07 17:20:57 [INFO] Create Mandito's grave at 4972x72x5027
2022/09/07 17:25:42 [INFO] Create Mandito's grave at 5019x75x4914
2022/09/07 17:35:52 [INFO] Create Mandito's grave at 5029x75x4904
2022/09/07 17:40:33 [INFO] Create Mandito's grave at 5030x75x4884
2022/09/07 17:43:17 [INFO] Create Mandito's grave at 5021x75x4914
2022/09/07 17:46:40 [INFO] Create Mandito's grave at 5028x75x4879
2022/09/07 17:50:16 [INFO] Create Mandito's grave at 5025x75x4899
2022/09/07 17:52:57 [INFO] Create Mandito's grave at 5027x75x4880
2022/09/07 17:55:25 [INFO] Create Mandito's grave at 5029x75x4878
2022/09/07 17:57:53 [INFO] Create Mandito's grave at 5026x76x4876
2022/09/07 18:01:14 [INFO] Create Mandito's grave at 5028x75x4879
2022/09/07 18:04:38 [INFO] Create Mandito's grave at 5028x75x4880
2022/09/07 18:12:56 [INFO] Create Mandito's grave at 5028x74x4878
2022/09/08 00:44:35 [INFO] Create Mandito's grave at 4886x67x5240
