2022/09/04 07:50:29 [INFO] Create juanquis44's grave at 5054x54x5078
2022/09/04 07:57:16 [INFO] Create juanquis44's grave at 5063x67x5087
2022/09/04 08:03:17 [INFO] Create juanquis44's grave at 5049x53x5079
2022/09/04 08:03:21 [INFO] Create PechoPlomo800's grave at 5048x50x5077
2022/09/04 08:10:26 [INFO] Create juanquis44's grave at 5060x63x5085
2022/09/04 08:14:40 [INFO] Create juanquis44's grave at 5056x54x5072
2022/09/04 08:16:46 [INFO] Create juanquis44's grave at 5059x52x5073
2022/09/04 08:21:49 [INFO] Create juanquis44's grave at 5053x47x5072
2022/09/04 08:22:34 [INFO] Create juanquis44's grave at 5053x40x5073
2022/09/04 08:22:57 [INFO] Create PechoPlomo800's grave at 4964x71x5167
2022/09/04 08:23:04 [INFO] Create Cat's grave at 4919x72x5155
2022/09/04 08:23:07 [INFO] Create juanquis44's grave at 5055x41x5071
2022/09/04 08:23:23 [INFO] Create Villager's grave at 4910x69x5133
2022/09/04 08:23:30 [INFO] Create Villager's grave at 4915x66x5122
2022/09/04 08:26:07 [INFO] Create Villager's grave at 4895x68x5146
2022/09/04 08:26:35 [INFO] Create Villager's grave at 4885x55x5140
2022/09/04 08:27:36 [INFO] Create juanquis44's grave at 4874x69x5199
2022/09/04 08:29:02 [INFO] Create juanquis44's grave at 4877x77x5194
2022/09/04 08:29:22 [INFO] Create Wolf's grave at 4864x96x5131
2022/09/04 08:31:25 [INFO] Create Cat's grave at 4882x65x5160
2022/09/04 08:49:12 [INFO] Create juanquis44's grave at 5060x40x5073
2022/09/04 08:49:41 [INFO] Create PechoPlomo800's grave at 5060x40x5072
2022/09/04 08:50:42 [INFO] Create juanquis44's grave at 5056x40x5078
2022/09/04 09:39:53 [INFO] Create PechoPlomo800's grave at 5055x54x5080
2022/09/04 09:39:56 [INFO] Create PechoPlomo800's grave at 5056x54x5080
2022/09/04 09:39:58 [INFO] Create juanquis44's grave at 5060x44x5072
2022/09/04 09:40:00 [INFO] Create PechoPlomo800's grave at 5056x54x5081
2022/09/04 09:41:25 [INFO] Create juanquis44's grave at 5050x40x5077
2022/09/04 09:44:09 [INFO] Create PechoPlomo800's grave at 5059x49x5075
2022/09/04 09:44:13 [INFO] Create juanquis44's grave at 5054x47x5073
2022/09/04 09:48:26 [INFO] Create juanquis44's grave at 5051x40x5077
2022/09/04 09:48:29 [INFO] Create juanquis44's grave at 5050x40x5076
2022/09/04 09:48:32 [INFO] Create juanquis44's grave at 5050x40x5075
2022/09/04 09:50:54 [INFO] Create juanquis44's grave at 5053x40x5080
2022/09/04 09:50:58 [INFO] Create juanquis44's grave at 5054x40x5080
2022/09/04 09:52:15 [INFO] Create juanquis44's grave at 5057x40x5079
2022/09/04 09:52:19 [INFO] Create juanquis44's grave at 5058x40x5080
2022/09/04 09:53:31 [INFO] Create juanquis44's grave at 5059x40x5077
2022/09/04 09:53:34 [INFO] Create juanquis44's grave at 5059x40x5078
2022/09/04 09:53:36 [INFO] Create juanquis44's grave at 5059x40x5076
2022/09/04 09:53:39 [INFO] Create juanquis44's grave at 5059x40x5079
2022/09/04 09:54:04 [INFO] Create juanquis44's grave at 5051x40x5074
2022/09/04 10:16:23 [INFO] Create juanquis44's grave at 4772x53x5465
2022/09/04 10:17:23 [INFO] Create PechoPlomo800's grave at 5229x66x5118
2022/09/04 10:18:42 [INFO] Create juanquis44's grave at 4772x56x5460
2022/09/04 23:10:48 [INFO] Create iKaibil's grave at -2094x56x-2330
2022/09/04 23:11:28 [INFO] Create iKaibil's grave at 2993x63x2651
2022/09/04 23:33:19 [INFO] Create iKaibil's grave at -2623x64x-1217
2022/09/04 23:34:07 [INFO] Create iKaibil's grave at 280x73x4216
2022/09/04 23:36:53 [INFO] Create iKaibil's grave at -2392x69x531
2022/09/04 23:44:38 [INFO] Create iKaibil's grave at 4803x64x3719
