#
# There is insufficient memory for the Java Runtime Environment to continue.
# Native memory allocation (mmap) failed to map 21670920192 bytes for committing reserved memory.
# Possible reasons:
#   The system is out of physical RAM or swap space
#   The process is running with CompressedOops enabled, and the Java Heap may be blocking the growth of the native heap
# Possible solutions:
#   Reduce memory load on the system
#   Increase physical memory or swap space
#   Check if swap backing store is full
#   Decrease Java heap size (-Xmx/-Xms)
#   Decrease number of Java threads
#   Decrease Java thread stack sizes (-Xss)
#   Set larger code cache with -XX:ReservedCodeCacheSize=
# This output file may be truncated or incomplete.
#
#  Out of Memory Error (os_linux.cpp:2798), pid=20326, tid=0x00007fdc3c5bd700
#
# JRE version:  (8.0_332-b09) (build )
# Java VM: OpenJDK 64-Bit Server VM (25.332-b09 mixed mode linux-amd64 compressed oops)
# Failed to write core dump. Core dumps have been disabled. To enable core dumping, try "ulimit -c unlimited" before starting Java again
#

---------------  T H R E A D  ---------------

Current thread (0x00007fdc3800a800):  JavaThread "Unknown thread" [_thread_in_vm, id=20327, stack(0x00007fdc3c4be000,0x00007fdc3c5be000)]

Stack: [0x00007fdc3c4be000,0x00007fdc3c5be000],  sp=0x00007fdc3c5bc600,  free space=1017k
Native frames: (J=compiled Java code, j=interpreted, Vv=VM code, C=native code)
V  [libjvm.so+0xb2ac10]
V  [libjvm.so+0x4e30ac]
V  [libjvm.so+0x963b58]
V  [libjvm.so+0x95b3ce]
V  [libjvm.so+0x9dd6de]
V  [libjvm.so+0x9cd7c3]
V  [libjvm.so+0x2b7e01]
V  [libjvm.so+0x98c522]
V  [libjvm.so+0xaeeed1]
V  [libjvm.so+0xaef132]
V  [libjvm.so+0x6416fa]
V  [libjvm.so+0xad1c9c]
V  [libjvm.so+0x7189df]  JNI_CreateJavaVM+0x5f
C  [libjli.so+0x2f12]
C  [libjli.so+0x75bd]
C  [libpthread.so.0+0x7fa3]  start_thread+0xf3


---------------  P R O C E S S  ---------------

Java Threads: ( => current thread )

Other Threads:

=>0x00007fdc3800a800 (exited) JavaThread "Unknown thread" [_thread_in_vm, id=20327, stack(0x00007fdc3c4be000,0x00007fdc3c5be000)]

VM state:not at safepoint (not fully initialized)

VM Mutex/Monitor currently owned by a thread: None

heap address: 0x00007fd497200000, size: 31000 MB, Compressed Oops mode: Non-zero based:0x00007fd4971ff000, Oop shift amount: 3
Narrow klass base: 0x0000000000000000, Narrow klass shift: 0

GC Heap History (0 events):
No events

Deoptimization events (0 events):
No events

Classes redefined (0 events):
No events

Internal exceptions (0 events):
No events

Events (0 events):
No events


Dynamic libraries:
55627425e000-55627425f000 r-xp 00000000 08:01 923382                     /usr/lib/jvm/java-8-openjdk-amd64/jre/bin/java
55627445e000-55627445f000 r--p 00000000 08:01 923382                     /usr/lib/jvm/java-8-openjdk-amd64/jre/bin/java
55627445f000-556274460000 rw-p 00001000 08:01 923382                     /usr/lib/jvm/java-8-openjdk-amd64/jre/bin/java
55627467d000-55627469e000 rw-p 00000000 00:00 0                          [heap]
7fd493373000-7fd495bd0000 ---p 00000000 00:00 0 
7fd495bd0000-7fd497000000 rw-p 00000000 00:00 0 
7fd497000000-7fd497200000 ---p 00000000 00:00 0 
7fd9a2d00000-7fdc28a00000 rw-p 00000000 00:00 0 
7fdc28a37000-7fdc28a41000 rw-p 00000000 00:00 0 
7fdc28a41000-7fdc28df7000 ---p 00000000 00:00 0 
7fdc28df7000-7fdc29067000 rwxp 00000000 00:00 0 
7fdc29067000-7fdc37df7000 ---p 00000000 00:00 0 
7fdc37df7000-7fdc37dff000 r-xp 00000000 08:01 923428                     /usr/lib/jvm/java-8-openjdk-amd64/jre/lib/amd64/libzip.so
7fdc37dff000-7fdc37ffe000 ---p 00008000 08:01 923428                     /usr/lib/jvm/java-8-openjdk-amd64/jre/lib/amd64/libzip.so
7fdc37ffe000-7fdc37fff000 r--p 00007000 08:01 923428                     /usr/lib/jvm/java-8-openjdk-amd64/jre/lib/amd64/libzip.so
7fdc37fff000-7fdc38000000 rw-p 00008000 08:01 923428                     /usr/lib/jvm/java-8-openjdk-amd64/jre/lib/amd64/libzip.so
7fdc38000000-7fdc38032000 rw-p 00000000 00:00 0 
7fdc38032000-7fdc3c000000 ---p 00000000 00:00 0 
7fdc3c058000-7fdc3c05b000 r--p 00000000 08:01 1451                       /usr/lib/x86_64-linux-gnu/libnss_files-2.28.so
7fdc3c05b000-7fdc3c062000 r-xp 00003000 08:01 1451                       /usr/lib/x86_64-linux-gnu/libnss_files-2.28.so
7fdc3c062000-7fdc3c064000 r--p 0000a000 08:01 1451                       /usr/lib/x86_64-linux-gnu/libnss_files-2.28.so
7fdc3c064000-7fdc3c065000 ---p 0000c000 08:01 1451                       /usr/lib/x86_64-linux-gnu/libnss_files-2.28.so
7fdc3c065000-7fdc3c066000 r--p 0000c000 08:01 1451                       /usr/lib/x86_64-linux-gnu/libnss_files-2.28.so
7fdc3c066000-7fdc3c067000 rw-p 0000d000 08:01 1451                       /usr/lib/x86_64-linux-gnu/libnss_files-2.28.so
7fdc3c067000-7fdc3c06d000 rw-p 00000000 00:00 0 
7fdc3c06d000-7fdc3c075000 rw-s 00000000 08:01 790510                     /tmp/hsperfdata_root/20326
7fdc3c075000-7fdc3c09f000 r-xp 00000000 08:01 923409                     /usr/lib/jvm/java-8-openjdk-amd64/jre/lib/amd64/libjava.so
7fdc3c09f000-7fdc3c29e000 ---p 0002a000 08:01 923409                     /usr/lib/jvm/java-8-openjdk-amd64/jre/lib/amd64/libjava.so
7fdc3c29e000-7fdc3c29f000 r--p 00029000 08:01 923409                     /usr/lib/jvm/java-8-openjdk-amd64/jre/lib/amd64/libjava.so
7fdc3c29f000-7fdc3c2a1000 rw-p 0002a000 08:01 923409                     /usr/lib/jvm/java-8-openjdk-amd64/jre/lib/amd64/libjava.so
7fdc3c2a1000-7fdc3c2b0000 r-xp 00000000 08:01 923427                     /usr/lib/jvm/java-8-openjdk-amd64/jre/lib/amd64/libverify.so
7fdc3c2b0000-7fdc3c4b0000 ---p 0000f000 08:01 923427                     /usr/lib/jvm/java-8-openjdk-amd64/jre/lib/amd64/libverify.so
7fdc3c4b0000-7fdc3c4b2000 r--p 0000f000 08:01 923427                     /usr/lib/jvm/java-8-openjdk-amd64/jre/lib/amd64/libverify.so
7fdc3c4b2000-7fdc3c4b3000 rw-p 00011000 08:01 923427                     /usr/lib/jvm/java-8-openjdk-amd64/jre/lib/amd64/libverify.so
7fdc3c4b3000-7fdc3c4b5000 r--p 00000000 08:01 1459                       /usr/lib/x86_64-linux-gnu/librt-2.28.so
7fdc3c4b5000-7fdc3c4b9000 r-xp 00002000 08:01 1459                       /usr/lib/x86_64-linux-gnu/librt-2.28.so
7fdc3c4b9000-7fdc3c4bb000 r--p 00006000 08:01 1459                       /usr/lib/x86_64-linux-gnu/librt-2.28.so
7fdc3c4bb000-7fdc3c4bc000 r--p 00007000 08:01 1459                       /usr/lib/x86_64-linux-gnu/librt-2.28.so
7fdc3c4bc000-7fdc3c4bd000 rw-p 00008000 08:01 1459                       /usr/lib/x86_64-linux-gnu/librt-2.28.so
7fdc3c4bd000-7fdc3c4be000 ---p 00000000 00:00 0 
7fdc3c4be000-7fdc3c4c1000 ---p 00000000 00:00 0 
7fdc3c4c1000-7fdc3c5be000 rw-p 00000000 00:00 0 
7fdc3c5be000-7fdc3c5c1000 r--p 00000000 08:01 1260                       /usr/lib/x86_64-linux-gnu/libgcc_s.so.1
7fdc3c5c1000-7fdc3c5d2000 r-xp 00003000 08:01 1260                       /usr/lib/x86_64-linux-gnu/libgcc_s.so.1
7fdc3c5d2000-7fdc3c5d5000 r--p 00014000 08:01 1260                       /usr/lib/x86_64-linux-gnu/libgcc_s.so.1
7fdc3c5d5000-7fdc3c5d6000 ---p 00017000 08:01 1260                       /usr/lib/x86_64-linux-gnu/libgcc_s.so.1
7fdc3c5d6000-7fdc3c5d7000 r--p 00017000 08:01 1260                       /usr/lib/x86_64-linux-gnu/libgcc_s.so.1
7fdc3c5d7000-7fdc3c5d8000 rw-p 00018000 08:01 1260                       /usr/lib/x86_64-linux-gnu/libgcc_s.so.1
7fdc3c5d8000-7fdc3c5e5000 r--p 00000000 08:01 1445                       /usr/lib/x86_64-linux-gnu/libm-2.28.so
7fdc3c5e5000-7fdc3c684000 r-xp 0000d000 08:01 1445                       /usr/lib/x86_64-linux-gnu/libm-2.28.so
7fdc3c684000-7fdc3c759000 r--p 000ac000 08:01 1445                       /usr/lib/x86_64-linux-gnu/libm-2.28.so
7fdc3c759000-7fdc3c75a000 r--p 00180000 08:01 1445                       /usr/lib/x86_64-linux-gnu/libm-2.28.so
7fdc3c75a000-7fdc3c75b000 rw-p 00181000 08:01 1445                       /usr/lib/x86_64-linux-gnu/libm-2.28.so
7fdc3c75b000-7fdc3c7e4000 r--p 00000000 08:01 1262                       /usr/lib/x86_64-linux-gnu/libstdc++.so.6.0.25
7fdc3c7e4000-7fdc3c890000 r-xp 00089000 08:01 1262                       /usr/lib/x86_64-linux-gnu/libstdc++.so.6.0.25
7fdc3c890000-7fdc3c8ce000 r--p 00135000 08:01 1262                       /usr/lib/x86_64-linux-gnu/libstdc++.so.6.0.25
7fdc3c8ce000-7fdc3c8cf000 ---p 00173000 08:01 1262                       /usr/lib/x86_64-linux-gnu/libstdc++.so.6.0.25
7fdc3c8cf000-7fdc3c8d9000 r--p 00173000 08:01 1262                       /usr/lib/x86_64-linux-gnu/libstdc++.so.6.0.25
7fdc3c8d9000-7fdc3c8db000 rw-p 0017d000 08:01 1262                       /usr/lib/x86_64-linux-gnu/libstdc++.so.6.0.25
7fdc3c8db000-7fdc3c8df000 rw-p 00000000 00:00 0 
7fdc3c8df000-7fdc3d611000 r-xp 00000000 08:01 923431                     /usr/lib/jvm/java-8-openjdk-amd64/jre/lib/amd64/server/libjvm.so
7fdc3d611000-7fdc3d810000 ---p 00d32000 08:01 923431                     /usr/lib/jvm/java-8-openjdk-amd64/jre/lib/amd64/server/libjvm.so
7fdc3d810000-7fdc3d8a6000 r--p 00d31000 08:01 923431                     /usr/lib/jvm/java-8-openjdk-amd64/jre/lib/amd64/server/libjvm.so
7fdc3d8a6000-7fdc3d8cf000 rw-p 00dc7000 08:01 923431                     /usr/lib/jvm/java-8-openjdk-amd64/jre/lib/amd64/server/libjvm.so
7fdc3d8cf000-7fdc3d904000 rw-p 00000000 00:00 0 
7fdc3d904000-7fdc3d926000 r--p 00000000 08:01 1442                       /usr/lib/x86_64-linux-gnu/libc-2.28.so
7fdc3d926000-7fdc3da6d000 r-xp 00022000 08:01 1442                       /usr/lib/x86_64-linux-gnu/libc-2.28.so
7fdc3da6d000-7fdc3dab9000 r--p 00169000 08:01 1442                       /usr/lib/x86_64-linux-gnu/libc-2.28.so
7fdc3dab9000-7fdc3daba000 ---p 001b5000 08:01 1442                       /usr/lib/x86_64-linux-gnu/libc-2.28.so
7fdc3daba000-7fdc3dabe000 r--p 001b5000 08:01 1442                       /usr/lib/x86_64-linux-gnu/libc-2.28.so
7fdc3dabe000-7fdc3dac0000 rw-p 001b9000 08:01 1442                       /usr/lib/x86_64-linux-gnu/libc-2.28.so
7fdc3dac0000-7fdc3dac4000 rw-p 00000000 00:00 0 
7fdc3dac4000-7fdc3dac5000 r--p 00000000 08:01 1444                       /usr/lib/x86_64-linux-gnu/libdl-2.28.so
7fdc3dac5000-7fdc3dac6000 r-xp 00001000 08:01 1444                       /usr/lib/x86_64-linux-gnu/libdl-2.28.so
7fdc3dac6000-7fdc3dac7000 r--p 00002000 08:01 1444                       /usr/lib/x86_64-linux-gnu/libdl-2.28.so
7fdc3dac7000-7fdc3dac8000 r--p 00002000 08:01 1444                       /usr/lib/x86_64-linux-gnu/libdl-2.28.so
7fdc3dac8000-7fdc3dac9000 rw-p 00003000 08:01 1444                       /usr/lib/x86_64-linux-gnu/libdl-2.28.so
7fdc3dac9000-7fdc3dad7000 r-xp 00000000 08:01 923395                     /usr/lib/jvm/java-8-openjdk-amd64/jre/lib/amd64/jli/libjli.so
7fdc3dad7000-7fdc3dcd6000 ---p 0000e000 08:01 923395                     /usr/lib/jvm/java-8-openjdk-amd64/jre/lib/amd64/jli/libjli.so
7fdc3dcd6000-7fdc3dcd7000 r--p 0000d000 08:01 923395                     /usr/lib/jvm/java-8-openjdk-amd64/jre/lib/amd64/jli/libjli.so
7fdc3dcd7000-7fdc3dcd8000 rw-p 0000e000 08:01 923395                     /usr/lib/jvm/java-8-openjdk-amd64/jre/lib/amd64/jli/libjli.so
7fdc3dcd8000-7fdc3dcdb000 r--p 00000000 08:01 1041                       /usr/lib/x86_64-linux-gnu/libz.so.1.2.11
7fdc3dcdb000-7fdc3dced000 r-xp 00003000 08:01 1041                       /usr/lib/x86_64-linux-gnu/libz.so.1.2.11
7fdc3dced000-7fdc3dcf3000 r--p 00015000 08:01 1041                       /usr/lib/x86_64-linux-gnu/libz.so.1.2.11
7fdc3dcf3000-7fdc3dcf4000 ---p 0001b000 08:01 1041                       /usr/lib/x86_64-linux-gnu/libz.so.1.2.11
7fdc3dcf4000-7fdc3dcf5000 r--p 0001b000 08:01 1041                       /usr/lib/x86_64-linux-gnu/libz.so.1.2.11
7fdc3dcf5000-7fdc3dcf6000 rw-p 0001c000 08:01 1041                       /usr/lib/x86_64-linux-gnu/libz.so.1.2.11
7fdc3dcf6000-7fdc3dcfc000 r--p 00000000 08:01 1457                       /usr/lib/x86_64-linux-gnu/libpthread-2.28.so
7fdc3dcfc000-7fdc3dd0b000 r-xp 00006000 08:01 1457                       /usr/lib/x86_64-linux-gnu/libpthread-2.28.so
7fdc3dd0b000-7fdc3dd11000 r--p 00015000 08:01 1457                       /usr/lib/x86_64-linux-gnu/libpthread-2.28.so
7fdc3dd11000-7fdc3dd12000 r--p 0001a000 08:01 1457                       /usr/lib/x86_64-linux-gnu/libpthread-2.28.so
7fdc3dd12000-7fdc3dd13000 rw-p 0001b000 08:01 1457                       /usr/lib/x86_64-linux-gnu/libpthread-2.28.so
7fdc3dd13000-7fdc3dd17000 rw-p 00000000 00:00 0 
7fdc3dd1d000-7fdc3dd1e000 rw-p 00000000 00:00 0 
7fdc3dd1e000-7fdc3dd1f000 r--p 00000000 00:00 0 
7fdc3dd1f000-7fdc3dd21000 rw-p 00000000 00:00 0 
7fdc3dd21000-7fdc3dd22000 r--p 00000000 08:01 1438                       /usr/lib/x86_64-linux-gnu/ld-2.28.so
7fdc3dd22000-7fdc3dd40000 r-xp 00001000 08:01 1438                       /usr/lib/x86_64-linux-gnu/ld-2.28.so
7fdc3dd40000-7fdc3dd48000 r--p 0001f000 08:01 1438                       /usr/lib/x86_64-linux-gnu/ld-2.28.so
7fdc3dd48000-7fdc3dd49000 r--p 00026000 08:01 1438                       /usr/lib/x86_64-linux-gnu/ld-2.28.so
7fdc3dd49000-7fdc3dd4a000 rw-p 00027000 08:01 1438                       /usr/lib/x86_64-linux-gnu/ld-2.28.so
7fdc3dd4a000-7fdc3dd4b000 rw-p 00000000 00:00 0 
7fffc10b0000-7fffc10d1000 rw-p 00000000 00:00 0                          [stack]
7fffc1118000-7fffc111b000 r--p 00000000 00:00 0                          [vvar]
7fffc111b000-7fffc111d000 r-xp 00000000 00:00 0                          [vdso]

VM Arguments:
jvm_args: -Xmx31000M -Xms31000M 
java_command: forge-1.12.2-14.23.5.2860.jar nogui
java_class_path (initial): forge-1.12.2-14.23.5.2860.jar
Launcher Type: SUN_STANDARD

Environment Variables:
PATH=/usr/local/sbin:/usr/local/bin:/usr/sbin:/usr/bin:/sbin:/bin
SHELL=/bin/bash

Signal Handlers:
SIGSEGV: [libjvm.so+0xb2b5f0], sa_mask[0]=11111111011111111101111111111110, sa_flags=SA_RESTART|SA_SIGINFO
SIGBUS: [libjvm.so+0xb2b5f0], sa_mask[0]=11111111011111111101111111111110, sa_flags=SA_RESTART|SA_SIGINFO
SIGFPE: [libjvm.so+0x95ebe0], sa_mask[0]=11111111011111111101111111111110, sa_flags=SA_RESTART|SA_SIGINFO
SIGPIPE: [libjvm.so+0x95ebe0], sa_mask[0]=11111111011111111101111111111110, sa_flags=SA_RESTART|SA_SIGINFO
SIGXFSZ: [libjvm.so+0x95ebe0], sa_mask[0]=11111111011111111101111111111110, sa_flags=SA_RESTART|SA_SIGINFO
SIGILL: [libjvm.so+0x95ebe0], sa_mask[0]=11111111011111111101111111111110, sa_flags=SA_RESTART|SA_SIGINFO
SIGUSR1: SIG_DFL, sa_mask[0]=00000000000000000000000000000000, sa_flags=none
SIGUSR2: [libjvm.so+0x95f100], sa_mask[0]=00000000000000000000000000000000, sa_flags=SA_RESTART|SA_SIGINFO
SIGHUP: SIG_DFL, sa_mask[0]=00000000000000000000000000000000, sa_flags=none
SIGINT: SIG_DFL, sa_mask[0]=00000000000000000000000000000000, sa_flags=none
SIGTERM: SIG_DFL, sa_mask[0]=00000000000000000000000000000000, sa_flags=none
SIGQUIT: SIG_DFL, sa_mask[0]=00000000000000000000000000000000, sa_flags=none


---------------  S Y S T E M  ---------------

OS:PRETTY_NAME="Debian GNU/Linux 10 (buster)"
NAME="Debian GNU/Linux"
VERSION_ID="10"
VERSION="10 (buster)"
VERSION_CODENAME=buster
ID=debian
HOME_URL="https://www.debian.org/"
SUPPORT_URL="https://www.debian.org/support"
BUG_REPORT_URL="https://bugs.debian.org/"

uname:Linux 4.19.0-21-cloud-amd64 #1 SMP Debian 4.19.249-2 (2022-06-30) x86_64
libc:glibc 2.28 NPTL 2.28 
rlimit: STACK 8192k, CORE 0k, NPROC 128395, NOFILE 1048576, AS infinity
load average:0.21 0.19 0.18

/proc/meminfo:
MemTotal:       32940988 kB
MemFree:        16392656 kB
MemAvailable:   19859040 kB
Buffers:          123736 kB
Cached:          3577212 kB
SwapCached:            0 kB
Active:         13094564 kB
Inactive:        2957652 kB
Active(anon):   12343220 kB
Inactive(anon):     8408 kB
Active(file):     751344 kB
Inactive(file):  2949244 kB
Unevictable:           0 kB
Mlocked:               0 kB
SwapTotal:             0 kB
SwapFree:              0 kB
Dirty:              2736 kB
Writeback:             0 kB
AnonPages:      12342220 kB
Mapped:           110984 kB
Shmem:              8556 kB
Slab:             316460 kB
SReclaimable:     231024 kB
SUnreclaim:        85436 kB
KernelStack:        3504 kB
PageTables:        26128 kB
NFS_Unstable:          0 kB
Bounce:                0 kB
WritebackTmp:          0 kB
CommitLimit:    16470492 kB
Committed_AS:   44439776 kB
VmallocTotal:   34359738367 kB
VmallocUsed:           0 kB
VmallocChunk:          0 kB
Percpu:             3872 kB
AnonHugePages:  11976704 kB
ShmemHugePages:        0 kB
ShmemPmdMapped:        0 kB
HugePages_Total:       0
HugePages_Free:        0
HugePages_Rsvd:        0
HugePages_Surp:        0
Hugepagesize:       2048 kB
Hugetlb:               0 kB
DirectMap4k:      209728 kB
DirectMap2M:     9224192 kB
DirectMap1G:    26214400 kB

container (cgroup) information:
container_type: cgroupv1
cpu_cpuset_cpus: 0-7
cpu_memory_nodes: 0
active_processor_count: 8
cpu_quota: -1
cpu_period: 100000
cpu_shares: -1
memory_limit_in_bytes: -1
memory_and_swap_limit_in_bytes: -2
memory_soft_limit_in_bytes: -1
memory_usage_in_bytes: 2134941696
memory_max_usage_in_bytes: 14641852416


CPU:total 8 (initial active 8) (8 cores per cpu, 1 threads per core) family 25 model 1 stepping 0, cmov, cx8, fxsr, mmx, sse, sse2, sse3, ssse3, sse4.1, sse4.2, popcnt, avx, avx2, aes, clmul, erms, mmxext, 3dnowpref, lzcnt, sse4a, tsc, tscinvbit, tscinv, bmi1

/proc/cpuinfo:
processor	: 0
vendor_id	: AuthenticAMD
cpu family	: 25
model		: 1
model name	: AMD EPYC 7B13
stepping	: 0
microcode	: 0x1000065
cpu MHz		: 2449.998
cache size	: 512 KB
physical id	: 0
siblings	: 8
core id		: 0
cpu cores	: 8
apicid		: 0
initial apicid	: 0
fpu		: yes
fpu_exception	: yes
cpuid level	: 13
wp		: yes
flags		: fpu vme de pse tsc msr pae mce cx8 apic sep mtrr pge mca cmov pat pse36 clflush mmx fxsr sse sse2 ht syscall nx mmxext fxsr_opt pdpe1gb rdtscp lm constant_tsc rep_good nopl xtopology nonstop_tsc cpuid extd_apicid tsc_known_freq pni pclmulqdq ssse3 fma cx16 pcid sse4_1 sse4_2 movbe popcnt aes xsave avx f16c rdrand hypervisor lahf_lm cmp_legacy cr8_legacy abm sse4a misalignsse 3dnowprefetch osvw topoext invpcid_single ssbd ibrs ibpb stibp vmmcall fsgsbase tsc_adjust bmi1 avx2 smep bmi2 erms invpcid rdseed adx smap clflushopt clwb sha_ni xsaveopt xsavec xgetbv1 clzero xsaveerptr arat npt nrip_save umip rdpid
bugs		: sysret_ss_attrs null_seg spectre_v1 spectre_v2 spec_store_bypass
bogomips	: 4899.99
TLB size	: 2560 4K pages
clflush size	: 64
cache_alignment	: 64
address sizes	: 48 bits physical, 48 bits virtual
power management:

processor	: 1
vendor_id	: AuthenticAMD
cpu family	: 25
model		: 1
model name	: AMD EPYC 7B13
stepping	: 0
microcode	: 0x1000065
cpu MHz		: 2449.998
cache size	: 512 KB
physical id	: 0
siblings	: 8
core id		: 1
cpu cores	: 8
apicid		: 1
initial apicid	: 1
fpu		: yes
fpu_exception	: yes
cpuid level	: 13
wp		: yes
flags		: fpu vme de pse tsc msr pae mce cx8 apic sep mtrr pge mca cmov pat pse36 clflush mmx fxsr sse sse2 ht syscall nx mmxext fxsr_opt pdpe1gb rdtscp lm constant_tsc rep_good nopl xtopology nonstop_tsc cpuid extd_apicid tsc_known_freq pni pclmulqdq ssse3 fma cx16 pcid sse4_1 sse4_2 movbe popcnt aes xsave avx f16c rdrand hypervisor lahf_lm cmp_legacy cr8_legacy abm sse4a misalignsse 3dnowprefetch osvw topoext invpcid_single ssbd ibrs ibpb stibp vmmcall fsgsbase tsc_adjust bmi1 avx2 smep bmi2 erms invpcid rdseed adx smap clflushopt clwb sha_ni xsaveopt xsavec xgetbv1 clzero xsaveerptr arat npt nrip_save umip rdpid
bugs		: sysret_ss_attrs null_seg spectre_v1 spectre_v2 spec_store_bypass
bogomips	: 4899.99
TLB size	: 2560 4K pages
clflush size	: 64
cache_alignment	: 64
address sizes	: 48 bits physical, 48 bits virtual
power management:

processor	: 2
vendor_id	: AuthenticAMD
cpu family	: 25
model		: 1
model name	: AMD EPYC 7B13
stepping	: 0
microcode	: 0x1000065
cpu MHz		: 2449.998
cache size	: 512 KB
physical id	: 0
siblings	: 8
core id		: 2
cpu cores	: 8
apicid		: 2
initial apicid	: 2
fpu		: yes
fpu_exception	: yes
cpuid level	: 13
wp		: yes
flags		: fpu vme de pse tsc msr pae mce cx8 apic sep mtrr pge mca cmov pat pse36 clflush mmx fxsr sse sse2 ht syscall nx mmxext fxsr_opt pdpe1gb rdtscp lm constant_tsc rep_good nopl xtopology nonstop_tsc cpuid extd_apicid tsc_known_freq pni pclmulqdq ssse3 fma cx16 pcid sse4_1 sse4_2 movbe popcnt aes xsave avx f16c rdrand hypervisor lahf_lm cmp_legacy cr8_legacy abm sse4a misalignsse 3dnowprefetch osvw topoext invpcid_single ssbd ibrs ibpb stibp vmmcall fsgsbase tsc_adjust bmi1 avx2 smep bmi2 erms invpcid rdseed adx smap clflushopt clwb sha_ni xsaveopt xsavec xgetbv1 clzero xsaveerptr arat npt nrip_save umip rdpid
bugs		: sysret_ss_attrs null_seg spectre_v1 spectre_v2 spec_store_bypass
bogomips	: 4899.99
TLB size	: 2560 4K pages
clflush size	: 64
cache_alignment	: 64
address sizes	: 48 bits physical, 48 bits virtual
power management:

processor	: 3
vendor_id	: AuthenticAMD
cpu family	: 25
model		: 1
model name	: AMD EPYC 7B13
stepping	: 0
microcode	: 0x1000065
cpu MHz		: 2449.998
cache size	: 512 KB
physical id	: 0
siblings	: 8
core id		: 3
cpu cores	: 8
apicid		: 3
initial apicid	: 3
fpu		: yes
fpu_exception	: yes
cpuid level	: 13
wp		: yes
flags		: fpu vme de pse tsc msr pae mce cx8 apic sep mtrr pge mca cmov pat pse36 clflush mmx fxsr sse sse2 ht syscall nx mmxext fxsr_opt pdpe1gb rdtscp lm constant_tsc rep_good nopl xtopology nonstop_tsc cpuid extd_apicid tsc_known_freq pni pclmulqdq ssse3 fma cx16 pcid sse4_1 sse4_2 movbe popcnt aes xsave avx f16c rdrand hypervisor lahf_lm cmp_legacy cr8_legacy abm sse4a misalignsse 3dnowprefetch osvw topoext invpcid_single ssbd ibrs ibpb stibp vmmcall fsgsbase tsc_adjust bmi1 avx2 smep bmi2 erms invpcid rdseed adx smap clflushopt clwb sha_ni xsaveopt xsavec xgetbv1 clzero xsaveerptr arat npt nrip_save umip rdpid
bugs		: sysret_ss_attrs null_seg spectre_v1 spectre_v2 spec_store_bypass
bogomips	: 4899.99
TLB size	: 2560 4K pages
clflush size	: 64
cache_alignment	: 64
address sizes	: 48 bits physical, 48 bits virtual
power management:

processor	: 4
vendor_id	: AuthenticAMD
cpu family	: 25
model		: 1
model name	: AMD EPYC 7B13
stepping	: 0
microcode	: 0x1000065
cpu MHz		: 2449.998
cache size	: 512 KB
physical id	: 0
siblings	: 8
core id		: 4
cpu cores	: 8
apicid		: 4
initial apicid	: 4
fpu		: yes
fpu_exception	: yes
cpuid level	: 13
wp		: yes
flags		: fpu vme de pse tsc msr pae mce cx8 apic sep mtrr pge mca cmov pat pse36 clflush mmx fxsr sse sse2 ht syscall nx mmxext fxsr_opt pdpe1gb rdtscp lm constant_tsc rep_good nopl xtopology nonstop_tsc cpuid extd_apicid tsc_known_freq pni pclmulqdq ssse3 fma cx16 pcid sse4_1 sse4_2 movbe popcnt aes xsave avx f16c rdrand hypervisor lahf_lm cmp_legacy cr8_legacy abm sse4a misalignsse 3dnowprefetch osvw topoext invpcid_single ssbd ibrs ibpb stibp vmmcall fsgsbase tsc_adjust bmi1 avx2 smep bmi2 erms invpcid rdseed adx smap clflushopt clwb sha_ni xsaveopt xsavec xgetbv1 clzero xsaveerptr arat npt nrip_save umip rdpid
bugs		: sysret_ss_attrs null_seg spectre_v1 spectre_v2 spec_store_bypass
bogomips	: 4899.99
TLB size	: 2560 4K pages
clflush size	: 64
cache_alignment	: 64
address sizes	: 48 bits physical, 48 bits virtual
power management:

processor	: 5
vendor_id	: AuthenticAMD
cpu family	: 25
model		: 1
model name	: AMD EPYC 7B13
stepping	: 0
microcode	: 0x1000065
cpu MHz		: 2449.998
cache size	: 512 KB
physical id	: 0
siblings	: 8
core id		: 5
cpu cores	: 8
apicid		: 5
initial apicid	: 5
fpu		: yes
fpu_exception	: yes
cpuid level	: 13
wp		: yes
flags		: fpu vme de pse tsc msr pae mce cx8 apic sep mtrr pge mca cmov pat pse36 clflush mmx fxsr sse sse2 ht syscall nx mmxext fxsr_opt pdpe1gb rdtscp lm constant_tsc rep_good nopl xtopology nonstop_tsc cpuid extd_apicid tsc_known_freq pni pclmulqdq ssse3 fma cx16 pcid sse4_1 sse4_2 movbe popcnt aes xsave avx f16c rdrand hypervisor lahf_lm cmp_legacy cr8_legacy abm sse4a misalignsse 3dnowprefetch osvw topoext invpcid_single ssbd ibrs ibpb stibp vmmcall fsgsbase tsc_adjust bmi1 avx2 smep bmi2 erms invpcid rdseed adx smap clflushopt clwb sha_ni xsaveopt xsavec xgetbv1 clzero xsaveerptr arat npt nrip_save umip rdpid
bugs		: sysret_ss_attrs null_seg spectre_v1 spectre_v2 spec_store_bypass
bogomips	: 4899.99
TLB size	: 2560 4K pages
clflush size	: 64
cache_alignment	: 64
address sizes	: 48 bits physical, 48 bits virtual
power management:

processor	: 6
vendor_id	: AuthenticAMD
cpu family	: 25
model		: 1
model name	: AMD EPYC 7B13
stepping	: 0
microcode	: 0x1000065
cpu MHz		: 2449.998
cache size	: 512 KB
physical id	: 0
siblings	: 8
core id		: 6
cpu cores	: 8
apicid		: 6
initial apicid	: 6
fpu		: yes
fpu_exception	: yes
cpuid level	: 13
wp		: yes
flags		: fpu vme de pse tsc msr pae mce cx8 apic sep mtrr pge mca cmov pat pse36 clflush mmx fxsr sse sse2 ht syscall nx mmxext fxsr_opt pdpe1gb rdtscp lm constant_tsc rep_good nopl xtopology nonstop_tsc cpuid extd_apicid tsc_known_freq pni pclmulqdq ssse3 fma cx16 pcid sse4_1 sse4_2 movbe popcnt aes xsave avx f16c rdrand hypervisor lahf_lm cmp_legacy cr8_legacy abm sse4a misalignsse 3dnowprefetch osvw topoext invpcid_single ssbd ibrs ibpb stibp vmmcall fsgsbase tsc_adjust bmi1 avx2 smep bmi2 erms invpcid rdseed adx smap clflushopt clwb sha_ni xsaveopt xsavec xgetbv1 clzero xsaveerptr arat npt nrip_save umip rdpid
bugs		: sysret_ss_attrs null_seg spectre_v1 spectre_v2 spec_store_bypass
bogomips	: 4899.99
TLB size	: 2560 4K pages
clflush size	: 64
cache_alignment	: 64
address sizes	: 48 bits physical, 48 bits virtual
power management:

processor	: 7
vendor_id	: AuthenticAMD
cpu family	: 25
model		: 1
model name	: AMD EPYC 7B13
stepping	: 0
microcode	: 0x1000065
cpu MHz		: 2449.998
cache size	: 512 KB
physical id	: 0
siblings	: 8
core id		: 7
cpu cores	: 8
apicid		: 7
initial apicid	: 7
fpu		: yes
fpu_exception	: yes
cpuid level	: 13
wp		: yes
flags		: fpu vme de pse tsc msr pae mce cx8 apic sep mtrr pge mca cmov pat pse36 clflush mmx fxsr sse sse2 ht syscall nx mmxext fxsr_opt pdpe1gb rdtscp lm constant_tsc rep_good nopl xtopology nonstop_tsc cpuid extd_apicid tsc_known_freq pni pclmulqdq ssse3 fma cx16 pcid sse4_1 sse4_2 movbe popcnt aes xsave avx f16c rdrand hypervisor lahf_lm cmp_legacy cr8_legacy abm sse4a misalignsse 3dnowprefetch osvw topoext invpcid_single ssbd ibrs ibpb stibp vmmcall fsgsbase tsc_adjust bmi1 avx2 smep bmi2 erms invpcid rdseed adx smap clflushopt clwb sha_ni xsaveopt xsavec xgetbv1 clzero xsaveerptr arat npt nrip_save umip rdpid
bugs		: sysret_ss_attrs null_seg spectre_v1 spectre_v2 spec_store_bypass
bogomips	: 4899.99
TLB size	: 2560 4K pages
clflush size	: 64
cache_alignment	: 64
address sizes	: 48 bits physical, 48 bits virtual
power management:



Memory: 4k page, physical 32940988k(16392656k free), swap 0k(0k free)

vm_info: OpenJDK 64-Bit Server VM (25.332-b09) for linux-amd64 JRE (1.8.0_332-8u332-ga-1~deb9u1-b09), built on Apr 24 2022 19:07:12 by "buildd" with gcc 6.3.0 20170516

time: Mon Sep  5 05:56:09 2022
timezone: UTC
elapsed time: 0.004905 seconds (0d 0h 0m 0s)

