#
# There is insufficient memory for the Java Runtime Environment to continue.
# Native memory allocation (mmap) failed to map 21670920192 bytes for committing reserved memory.
# Possible reasons:
#   The system is out of physical RAM or swap space
#   The process is running with CompressedOops enabled, and the Java Heap may be blocking the growth of the native heap
# Possible solutions:
#   Reduce memory load on the system
#   Increase physical memory or swap space
#   Check if swap backing store is full
#   Decrease Java heap size (-Xmx/-Xms)
#   Decrease number of Java threads
#   Decrease Java thread stack sizes (-Xss)
#   Set larger code cache with -XX:ReservedCodeCacheSize=
# This output file may be truncated or incomplete.
#
#  Out of Memory Error (os_linux.cpp:2798), pid=20330, tid=0x00007f28bbd1d700
#
# JRE version:  (8.0_332-b09) (build )
# Java VM: OpenJDK 64-Bit Server VM (25.332-b09 mixed mode linux-amd64 compressed oops)
# Failed to write core dump. Core dumps have been disabled. To enable core dumping, try "ulimit -c unlimited" before starting Java again
#

---------------  T H R E A D  ---------------

Current thread (0x00007f28b400a800):  JavaThread "Unknown thread" [_thread_in_vm, id=20331, stack(0x00007f28bbc1e000,0x00007f28bbd1e000)]

Stack: [0x00007f28bbc1e000,0x00007f28bbd1e000],  sp=0x00007f28bbd1c600,  free space=1017k
Native frames: (J=compiled Java code, j=interpreted, Vv=VM code, C=native code)
V  [libjvm.so+0xb2ac10]
V  [libjvm.so+0x4e30ac]
V  [libjvm.so+0x963b58]
V  [libjvm.so+0x95b3ce]
V  [libjvm.so+0x9dd6de]
V  [libjvm.so+0x9cd7c3]
V  [libjvm.so+0x2b7e01]
V  [libjvm.so+0x98c522]
V  [libjvm.so+0xaeeed1]
V  [libjvm.so+0xaef132]
V  [libjvm.so+0x6416fa]
V  [libjvm.so+0xad1c9c]
V  [libjvm.so+0x7189df]  JNI_CreateJavaVM+0x5f
C  [libjli.so+0x2f12]
C  [libjli.so+0x75bd]
C  [libpthread.so.0+0x7fa3]  start_thread+0xf3


---------------  P R O C E S S  ---------------

Java Threads: ( => current thread )

Other Threads:

=>0x00007f28b400a800 (exited) JavaThread "Unknown thread" [_thread_in_vm, id=20331, stack(0x00007f28bbc1e000,0x00007f28bbd1e000)]

VM state:not at safepoint (not fully initialized)

VM Mutex/Monitor currently owned by a thread: None

heap address: 0x00007f2113800000, size: 31000 MB, Compressed Oops mode: Non-zero based:0x00007f21137ff000, Oop shift amount: 3
Narrow klass base: 0x0000000000000000, Narrow klass shift: 0

GC Heap History (0 events):
No events

Deoptimization events (0 events):
No events

Classes redefined (0 events):
No events

Internal exceptions (0 events):
No events

Events (0 events):
No events


Dynamic libraries:
5602b0f51000-5602b0f52000 r-xp 00000000 08:01 923382                     /usr/lib/jvm/java-8-openjdk-amd64/jre/bin/java
5602b1151000-5602b1152000 r--p 00000000 08:01 923382                     /usr/lib/jvm/java-8-openjdk-amd64/jre/bin/java
5602b1152000-5602b1153000 rw-p 00001000 08:01 923382                     /usr/lib/jvm/java-8-openjdk-amd64/jre/bin/java
5602b2822000-5602b2843000 rw-p 00000000 00:00 0                          [heap]
7f210f973000-7f21121d0000 ---p 00000000 00:00 0 
7f21121d0000-7f2113600000 rw-p 00000000 00:00 0 
7f2113600000-7f2113800000 ---p 00000000 00:00 0 
7f261f300000-7f28a5000000 rw-p 00000000 00:00 0 
7f28a5000000-7f28a5270000 rwxp 00000000 00:00 0 
7f28a5270000-7f28b4000000 ---p 00000000 00:00 0 
7f28b4000000-7f28b4032000 rw-p 00000000 00:00 0 
7f28b4032000-7f28b8000000 ---p 00000000 00:00 0 
7f28bb1ef000-7f28bb1f9000 rw-p 00000000 00:00 0 
7f28bb1f9000-7f28bb5af000 ---p 00000000 00:00 0 
7f28bb5af000-7f28bb5b7000 r-xp 00000000 08:01 923428                     /usr/lib/jvm/java-8-openjdk-amd64/jre/lib/amd64/libzip.so
7f28bb5b7000-7f28bb7b6000 ---p 00008000 08:01 923428                     /usr/lib/jvm/java-8-openjdk-amd64/jre/lib/amd64/libzip.so
7f28bb7b6000-7f28bb7b7000 r--p 00007000 08:01 923428                     /usr/lib/jvm/java-8-openjdk-amd64/jre/lib/amd64/libzip.so
7f28bb7b7000-7f28bb7b8000 rw-p 00008000 08:01 923428                     /usr/lib/jvm/java-8-openjdk-amd64/jre/lib/amd64/libzip.so
7f28bb7b8000-7f28bb7bb000 r--p 00000000 08:01 1451                       /usr/lib/x86_64-linux-gnu/libnss_files-2.28.so
7f28bb7bb000-7f28bb7c2000 r-xp 00003000 08:01 1451                       /usr/lib/x86_64-linux-gnu/libnss_files-2.28.so
7f28bb7c2000-7f28bb7c4000 r--p 0000a000 08:01 1451                       /usr/lib/x86_64-linux-gnu/libnss_files-2.28.so
7f28bb7c4000-7f28bb7c5000 ---p 0000c000 08:01 1451                       /usr/lib/x86_64-linux-gnu/libnss_files-2.28.so
7f28bb7c5000-7f28bb7c6000 r--p 0000c000 08:01 1451                       /usr/lib/x86_64-linux-gnu/libnss_files-2.28.so
7f28bb7c6000-7f28bb7c7000 rw-p 0000d000 08:01 1451                       /usr/lib/x86_64-linux-gnu/libnss_files-2.28.so
7f28bb7c7000-7f28bb7cd000 rw-p 00000000 00:00 0 
7f28bb7cd000-7f28bb7d5000 rw-s 00000000 08:01 790510                     /tmp/hsperfdata_root/20330
7f28bb7d5000-7f28bb7ff000 r-xp 00000000 08:01 923409                     /usr/lib/jvm/java-8-openjdk-amd64/jre/lib/amd64/libjava.so
7f28bb7ff000-7f28bb9fe000 ---p 0002a000 08:01 923409                     /usr/lib/jvm/java-8-openjdk-amd64/jre/lib/amd64/libjava.so
7f28bb9fe000-7f28bb9ff000 r--p 00029000 08:01 923409                     /usr/lib/jvm/java-8-openjdk-amd64/jre/lib/amd64/libjava.so
7f28bb9ff000-7f28bba01000 rw-p 0002a000 08:01 923409                     /usr/lib/jvm/java-8-openjdk-amd64/jre/lib/amd64/libjava.so
7f28bba01000-7f28bba10000 r-xp 00000000 08:01 923427                     /usr/lib/jvm/java-8-openjdk-amd64/jre/lib/amd64/libverify.so
7f28bba10000-7f28bbc10000 ---p 0000f000 08:01 923427                     /usr/lib/jvm/java-8-openjdk-amd64/jre/lib/amd64/libverify.so
7f28bbc10000-7f28bbc12000 r--p 0000f000 08:01 923427                     /usr/lib/jvm/java-8-openjdk-amd64/jre/lib/amd64/libverify.so
7f28bbc12000-7f28bbc13000 rw-p 00011000 08:01 923427                     /usr/lib/jvm/java-8-openjdk-amd64/jre/lib/amd64/libverify.so
7f28bbc13000-7f28bbc15000 r--p 00000000 08:01 1459                       /usr/lib/x86_64-linux-gnu/librt-2.28.so
7f28bbc15000-7f28bbc19000 r-xp 00002000 08:01 1459                       /usr/lib/x86_64-linux-gnu/librt-2.28.so
7f28bbc19000-7f28bbc1b000 r--p 00006000 08:01 1459                       /usr/lib/x86_64-linux-gnu/librt-2.28.so
7f28bbc1b000-7f28bbc1c000 r--p 00007000 08:01 1459                       /usr/lib/x86_64-linux-gnu/librt-2.28.so
7f28bbc1c000-7f28bbc1d000 rw-p 00008000 08:01 1459                       /usr/lib/x86_64-linux-gnu/librt-2.28.so
7f28bbc1d000-7f28bbc1e000 ---p 00000000 00:00 0 
7f28bbc1e000-7f28bbc21000 ---p 00000000 00:00 0 
7f28bbc21000-7f28bbd1e000 rw-p 00000000 00:00 0 
7f28bbd1e000-7f28bbd21000 r--p 00000000 08:01 1260                       /usr/lib/x86_64-linux-gnu/libgcc_s.so.1
7f28bbd21000-7f28bbd32000 r-xp 00003000 08:01 1260                       /usr/lib/x86_64-linux-gnu/libgcc_s.so.1
7f28bbd32000-7f28bbd35000 r--p 00014000 08:01 1260                       /usr/lib/x86_64-linux-gnu/libgcc_s.so.1
7f28bbd35000-7f28bbd36000 ---p 00017000 08:01 1260                       /usr/lib/x86_64-linux-gnu/libgcc_s.so.1
7f28bbd36000-7f28bbd37000 r--p 00017000 08:01 1260                       /usr/lib/x86_64-linux-gnu/libgcc_s.so.1
7f28bbd37000-7f28bbd38000 rw-p 00018000 08:01 1260                       /usr/lib/x86_64-linux-gnu/libgcc_s.so.1
7f28bbd38000-7f28bbd45000 r--p 00000000 08:01 1445                       /usr/lib/x86_64-linux-gnu/libm-2.28.so
7f28bbd45000-7f28bbde4000 r-xp 0000d000 08:01 1445                       /usr/lib/x86_64-linux-gnu/libm-2.28.so
7f28bbde4000-7f28bbeb9000 r--p 000ac000 08:01 1445                       /usr/lib/x86_64-linux-gnu/libm-2.28.so
7f28bbeb9000-7f28bbeba000 r--p 00180000 08:01 1445                       /usr/lib/x86_64-linux-gnu/libm-2.28.so
7f28bbeba000-7f28bbebb000 rw-p 00181000 08:01 1445                       /usr/lib/x86_64-linux-gnu/libm-2.28.so
7f28bbebb000-7f28bbf44000 r--p 00000000 08:01 1262                       /usr/lib/x86_64-linux-gnu/libstdc++.so.6.0.25
7f28bbf44000-7f28bbff0000 r-xp 00089000 08:01 1262                       /usr/lib/x86_64-linux-gnu/libstdc++.so.6.0.25
7f28bbff0000-7f28bc02e000 r--p 00135000 08:01 1262                       /usr/lib/x86_64-linux-gnu/libstdc++.so.6.0.25
7f28bc02e000-7f28bc02f000 ---p 00173000 08:01 1262                       /usr/lib/x86_64-linux-gnu/libstdc++.so.6.0.25
7f28bc02f000-7f28bc039000 r--p 00173000 08:01 1262                       /usr/lib/x86_64-linux-gnu/libstdc++.so.6.0.25
7f28bc039000-7f28bc03b000 rw-p 0017d000 08:01 1262                       /usr/lib/x86_64-linux-gnu/libstdc++.so.6.0.25
7f28bc03b000-7f28bc03f000 rw-p 00000000 00:00 0 
7f28bc03f000-7f28bcd71000 r-xp 00000000 08:01 923431                     /usr/lib/jvm/java-8-openjdk-amd64/jre/lib/amd64/server/libjvm.so
7f28bcd71000-7f28bcf70000 ---p 00d32000 08:01 923431                     /usr/lib/jvm/java-8-openjdk-amd64/jre/lib/amd64/server/libjvm.so
7f28bcf70000-7f28bd006000 r--p 00d31000 08:01 923431                     /usr/lib/jvm/java-8-openjdk-amd64/jre/lib/amd64/server/libjvm.so
7f28bd006000-7f28bd02f000 rw-p 00dc7000 08:01 923431                     /usr/lib/jvm/java-8-openjdk-amd64/jre/lib/amd64/server/libjvm.so
7f28bd02f000-7f28bd064000 rw-p 00000000 00:00 0 
7f28bd064000-7f28bd086000 r--p 00000000 08:01 1442                       /usr/lib/x86_64-linux-gnu/libc-2.28.so
7f28bd086000-7f28bd1cd000 r-xp 00022000 08:01 1442                       /usr/lib/x86_64-linux-gnu/libc-2.28.so
7f28bd1cd000-7f28bd219000 r--p 00169000 08:01 1442                       /usr/lib/x86_64-linux-gnu/libc-2.28.so
7f28bd219000-7f28bd21a000 ---p 001b5000 08:01 1442                       /usr/lib/x86_64-linux-gnu/libc-2.28.so
7f28bd21a000-7f28bd21e000 r--p 001b5000 08:01 1442                       /usr/lib/x86_64-linux-gnu/libc-2.28.so
7f28bd21e000-7f28bd220000 rw-p 001b9000 08:01 1442                       /usr/lib/x86_64-linux-gnu/libc-2.28.so
7f28bd220000-7f28bd224000 rw-p 00000000 00:00 0 
7f28bd224000-7f28bd225000 r--p 00000000 08:01 1444                       /usr/lib/x86_64-linux-gnu/libdl-2.28.so
7f28bd225000-7f28bd226000 r-xp 00001000 08:01 1444                       /usr/lib/x86_64-linux-gnu/libdl-2.28.so
7f28bd226000-7f28bd227000 r--p 00002000 08:01 1444                       /usr/lib/x86_64-linux-gnu/libdl-2.28.so
7f28bd227000-7f28bd228000 r--p 00002000 08:01 1444                       /usr/lib/x86_64-linux-gnu/libdl-2.28.so
7f28bd228000-7f28bd229000 rw-p 00003000 08:01 1444                       /usr/lib/x86_64-linux-gnu/libdl-2.28.so
7f28bd229000-7f28bd237000 r-xp 00000000 08:01 923395                     /usr/lib/jvm/java-8-openjdk-amd64/jre/lib/amd64/jli/libjli.so
7f28bd237000-7f28bd436000 ---p 0000e000 08:01 923395                     /usr/lib/jvm/java-8-openjdk-amd64/jre/lib/amd64/jli/libjli.so
7f28bd436000-7f28bd437000 r--p 0000d000 08:01 923395                     /usr/lib/jvm/java-8-openjdk-amd64/jre/lib/amd64/jli/libjli.so
7f28bd437000-7f28bd438000 rw-p 0000e000 08:01 923395                     /usr/lib/jvm/java-8-openjdk-amd64/jre/lib/amd64/jli/libjli.so
7f28bd438000-7f28bd43b000 r--p 00000000 08:01 1041                       /usr/lib/x86_64-linux-gnu/libz.so.1.2.11
7f28bd43b000-7f28bd44d000 r-xp 00003000 08:01 1041                       /usr/lib/x86_64-linux-gnu/libz.so.1.2.11
7f28bd44d000-7f28bd453000 r--p 00015000 08:01 1041                       /usr/lib/x86_64-linux-gnu/libz.so.1.2.11
7f28bd453000-7f28bd454000 ---p 0001b000 08:01 1041                       /usr/lib/x86_64-linux-gnu/libz.so.1.2.11
7f28bd454000-7f28bd455000 r--p 0001b000 08:01 1041                       /usr/lib/x86_64-linux-gnu/libz.so.1.2.11
7f28bd455000-7f28bd456000 rw-p 0001c000 08:01 1041                       /usr/lib/x86_64-linux-gnu/libz.so.1.2.11
7f28bd456000-7f28bd45c000 r--p 00000000 08:01 1457                       /usr/lib/x86_64-linux-gnu/libpthread-2.28.so
7f28bd45c000-7f28bd46b000 r-xp 00006000 08:01 1457                       /usr/lib/x86_64-linux-gnu/libpthread-2.28.so
7f28bd46b000-7f28bd471000 r--p 00015000 08:01 1457                       /usr/lib/x86_64-linux-gnu/libpthread-2.28.so
7f28bd471000-7f28bd472000 r--p 0001a000 08:01 1457                       /usr/lib/x86_64-linux-gnu/libpthread-2.28.so
7f28bd472000-7f28bd473000 rw-p 0001b000 08:01 1457                       /usr/lib/x86_64-linux-gnu/libpthread-2.28.so
7f28bd473000-7f28bd477000 rw-p 00000000 00:00 0 
7f28bd47d000-7f28bd47e000 rw-p 00000000 00:00 0 
7f28bd47e000-7f28bd47f000 r--p 00000000 00:00 0 
7f28bd47f000-7f28bd481000 rw-p 00000000 00:00 0 
7f28bd481000-7f28bd482000 r--p 00000000 08:01 1438                       /usr/lib/x86_64-linux-gnu/ld-2.28.so
7f28bd482000-7f28bd4a0000 r-xp 00001000 08:01 1438                       /usr/lib/x86_64-linux-gnu/ld-2.28.so
7f28bd4a0000-7f28bd4a8000 r--p 0001f000 08:01 1438                       /usr/lib/x86_64-linux-gnu/ld-2.28.so
7f28bd4a8000-7f28bd4a9000 r--p 00026000 08:01 1438                       /usr/lib/x86_64-linux-gnu/ld-2.28.so
7f28bd4a9000-7f28bd4aa000 rw-p 00027000 08:01 1438                       /usr/lib/x86_64-linux-gnu/ld-2.28.so
7f28bd4aa000-7f28bd4ab000 rw-p 00000000 00:00 0 
7fff4b66b000-7fff4b68c000 rw-p 00000000 00:00 0                          [stack]
7fff4b6e0000-7fff4b6e3000 r--p 00000000 00:00 0                          [vvar]
7fff4b6e3000-7fff4b6e5000 r-xp 00000000 00:00 0                          [vdso]

VM Arguments:
jvm_args: -Xmx31000M -Xms31000M 
java_command: forge-1.12.2-14.23.5.2860.jar nogui
java_class_path (initial): forge-1.12.2-14.23.5.2860.jar
Launcher Type: SUN_STANDARD

Environment Variables:
PATH=/usr/local/sbin:/usr/local/bin:/usr/sbin:/usr/bin:/sbin:/bin
SHELL=/bin/bash

Signal Handlers:
SIGSEGV: [libjvm.so+0xb2b5f0], sa_mask[0]=11111111011111111101111111111110, sa_flags=SA_RESTART|SA_SIGINFO
SIGBUS: [libjvm.so+0xb2b5f0], sa_mask[0]=11111111011111111101111111111110, sa_flags=SA_RESTART|SA_SIGINFO
SIGFPE: [libjvm.so+0x95ebe0], sa_mask[0]=11111111011111111101111111111110, sa_flags=SA_RESTART|SA_SIGINFO
SIGPIPE: [libjvm.so+0x95ebe0], sa_mask[0]=11111111011111111101111111111110, sa_flags=SA_RESTART|SA_SIGINFO
SIGXFSZ: [libjvm.so+0x95ebe0], sa_mask[0]=11111111011111111101111111111110, sa_flags=SA_RESTART|SA_SIGINFO
SIGILL: [libjvm.so+0x95ebe0], sa_mask[0]=11111111011111111101111111111110, sa_flags=SA_RESTART|SA_SIGINFO
SIGUSR1: SIG_DFL, sa_mask[0]=00000000000000000000000000000000, sa_flags=none
SIGUSR2: [libjvm.so+0x95f100], sa_mask[0]=00000000000000000000000000000000, sa_flags=SA_RESTART|SA_SIGINFO
SIGHUP: SIG_DFL, sa_mask[0]=00000000000000000000000000000000, sa_flags=none
SIGINT: SIG_DFL, sa_mask[0]=00000000000000000000000000000000, sa_flags=none
SIGTERM: SIG_DFL, sa_mask[0]=00000000000000000000000000000000, sa_flags=none
SIGQUIT: SIG_DFL, sa_mask[0]=00000000000000000000000000000000, sa_flags=none


---------------  S Y S T E M  ---------------

OS:PRETTY_NAME="Debian GNU/Linux 10 (buster)"
NAME="Debian GNU/Linux"
VERSION_ID="10"
VERSION="10 (buster)"
VERSION_CODENAME=buster
ID=debian
HOME_URL="https://www.debian.org/"
SUPPORT_URL="https://www.debian.org/support"
BUG_REPORT_URL="https://bugs.debian.org/"

uname:Linux 4.19.0-21-cloud-amd64 #1 SMP Debian 4.19.249-2 (2022-06-30) x86_64
libc:glibc 2.28 NPTL 2.28 
rlimit: STACK 8192k, CORE 0k, NPROC 128395, NOFILE 1048576, AS infinity
load average:0.21 0.19 0.18

/proc/meminfo:
MemTotal:       32940988 kB
MemFree:        16391008 kB
MemAvailable:   19857392 kB
Buffers:          123736 kB
Cached:          3577212 kB
SwapCached:            0 kB
Active:         13096352 kB
Inactive:        2957628 kB
Active(anon):   12344984 kB
Inactive(anon):     8408 kB
Active(file):     751368 kB
Inactive(file):  2949220 kB
Unevictable:           0 kB
Mlocked:               0 kB
SwapTotal:             0 kB
SwapFree:              0 kB
Dirty:              2736 kB
Writeback:             0 kB
AnonPages:      12344084 kB
Mapped:           110840 kB
Shmem:              8556 kB
Slab:             316460 kB
SReclaimable:     231024 kB
SUnreclaim:        85436 kB
KernelStack:        3532 kB
PageTables:        26312 kB
NFS_Unstable:          0 kB
Bounce:                0 kB
WritebackTmp:          0 kB
CommitLimit:    16470492 kB
Committed_AS:   44439776 kB
VmallocTotal:   34359738367 kB
VmallocUsed:           0 kB
VmallocChunk:          0 kB
Percpu:             3872 kB
AnonHugePages:  11956224 kB
ShmemHugePages:        0 kB
ShmemPmdMapped:        0 kB
HugePages_Total:       0
HugePages_Free:        0
HugePages_Rsvd:        0
HugePages_Surp:        0
Hugepagesize:       2048 kB
Hugetlb:               0 kB
DirectMap4k:      209728 kB
DirectMap2M:     9224192 kB
DirectMap1G:    26214400 kB

container (cgroup) information:
container_type: cgroupv1
cpu_cpuset_cpus: 0-7
cpu_memory_nodes: 0
active_processor_count: 8
cpu_quota: -1
cpu_period: 100000
cpu_shares: -1
memory_limit_in_bytes: -1
memory_and_swap_limit_in_bytes: -2
memory_soft_limit_in_bytes: -1
memory_usage_in_bytes: 2137161728
memory_max_usage_in_bytes: 14641852416


CPU:total 8 (initial active 8) (8 cores per cpu, 1 threads per core) family 25 model 1 stepping 0, cmov, cx8, fxsr, mmx, sse, sse2, sse3, ssse3, sse4.1, sse4.2, popcnt, avx, avx2, aes, clmul, erms, mmxext, 3dnowpref, lzcnt, sse4a, tsc, tscinvbit, tscinv, bmi1

/proc/cpuinfo:
processor	: 0
vendor_id	: AuthenticAMD
cpu family	: 25
model		: 1
model name	: AMD EPYC 7B13
stepping	: 0
microcode	: 0x1000065
cpu MHz		: 2449.998
cache size	: 512 KB
physical id	: 0
siblings	: 8
core id		: 0
cpu cores	: 8
apicid		: 0
initial apicid	: 0
fpu		: yes
fpu_exception	: yes
cpuid level	: 13
wp		: yes
flags		: fpu vme de pse tsc msr pae mce cx8 apic sep mtrr pge mca cmov pat pse36 clflush mmx fxsr sse sse2 ht syscall nx mmxext fxsr_opt pdpe1gb rdtscp lm constant_tsc rep_good nopl xtopology nonstop_tsc cpuid extd_apicid tsc_known_freq pni pclmulqdq ssse3 fma cx16 pcid sse4_1 sse4_2 movbe popcnt aes xsave avx f16c rdrand hypervisor lahf_lm cmp_legacy cr8_legacy abm sse4a misalignsse 3dnowprefetch osvw topoext invpcid_single ssbd ibrs ibpb stibp vmmcall fsgsbase tsc_adjust bmi1 avx2 smep bmi2 erms invpcid rdseed adx smap clflushopt clwb sha_ni xsaveopt xsavec xgetbv1 clzero xsaveerptr arat npt nrip_save umip rdpid
bugs		: sysret_ss_attrs null_seg spectre_v1 spectre_v2 spec_store_bypass
bogomips	: 4899.99
TLB size	: 2560 4K pages
clflush size	: 64
cache_alignment	: 64
address sizes	: 48 bits physical, 48 bits virtual
power management:

processor	: 1
vendor_id	: AuthenticAMD
cpu family	: 25
model		: 1
model name	: AMD EPYC 7B13
stepping	: 0
microcode	: 0x1000065
cpu MHz		: 2449.998
cache size	: 512 KB
physical id	: 0
siblings	: 8
core id		: 1
cpu cores	: 8
apicid		: 1
initial apicid	: 1
fpu		: yes
fpu_exception	: yes
cpuid level	: 13
wp		: yes
flags		: fpu vme de pse tsc msr pae mce cx8 apic sep mtrr pge mca cmov pat pse36 clflush mmx fxsr sse sse2 ht syscall nx mmxext fxsr_opt pdpe1gb rdtscp lm constant_tsc rep_good nopl xtopology nonstop_tsc cpuid extd_apicid tsc_known_freq pni pclmulqdq ssse3 fma cx16 pcid sse4_1 sse4_2 movbe popcnt aes xsave avx f16c rdrand hypervisor lahf_lm cmp_legacy cr8_legacy abm sse4a misalignsse 3dnowprefetch osvw topoext invpcid_single ssbd ibrs ibpb stibp vmmcall fsgsbase tsc_adjust bmi1 avx2 smep bmi2 erms invpcid rdseed adx smap clflushopt clwb sha_ni xsaveopt xsavec xgetbv1 clzero xsaveerptr arat npt nrip_save umip rdpid
bugs		: sysret_ss_attrs null_seg spectre_v1 spectre_v2 spec_store_bypass
bogomips	: 4899.99
TLB size	: 2560 4K pages
clflush size	: 64
cache_alignment	: 64
address sizes	: 48 bits physical, 48 bits virtual
power management:

processor	: 2
vendor_id	: AuthenticAMD
cpu family	: 25
model		: 1
model name	: AMD EPYC 7B13
stepping	: 0
microcode	: 0x1000065
cpu MHz		: 2449.998
cache size	: 512 KB
physical id	: 0
siblings	: 8
core id		: 2
cpu cores	: 8
apicid		: 2
initial apicid	: 2
fpu		: yes
fpu_exception	: yes
cpuid level	: 13
wp		: yes
flags		: fpu vme de pse tsc msr pae mce cx8 apic sep mtrr pge mca cmov pat pse36 clflush mmx fxsr sse sse2 ht syscall nx mmxext fxsr_opt pdpe1gb rdtscp lm constant_tsc rep_good nopl xtopology nonstop_tsc cpuid extd_apicid tsc_known_freq pni pclmulqdq ssse3 fma cx16 pcid sse4_1 sse4_2 movbe popcnt aes xsave avx f16c rdrand hypervisor lahf_lm cmp_legacy cr8_legacy abm sse4a misalignsse 3dnowprefetch osvw topoext invpcid_single ssbd ibrs ibpb stibp vmmcall fsgsbase tsc_adjust bmi1 avx2 smep bmi2 erms invpcid rdseed adx smap clflushopt clwb sha_ni xsaveopt xsavec xgetbv1 clzero xsaveerptr arat npt nrip_save umip rdpid
bugs		: sysret_ss_attrs null_seg spectre_v1 spectre_v2 spec_store_bypass
bogomips	: 4899.99
TLB size	: 2560 4K pages
clflush size	: 64
cache_alignment	: 64
address sizes	: 48 bits physical, 48 bits virtual
power management:

processor	: 3
vendor_id	: AuthenticAMD
cpu family	: 25
model		: 1
model name	: AMD EPYC 7B13
stepping	: 0
microcode	: 0x1000065
cpu MHz		: 2449.998
cache size	: 512 KB
physical id	: 0
siblings	: 8
core id		: 3
cpu cores	: 8
apicid		: 3
initial apicid	: 3
fpu		: yes
fpu_exception	: yes
cpuid level	: 13
wp		: yes
flags		: fpu vme de pse tsc msr pae mce cx8 apic sep mtrr pge mca cmov pat pse36 clflush mmx fxsr sse sse2 ht syscall nx mmxext fxsr_opt pdpe1gb rdtscp lm constant_tsc rep_good nopl xtopology nonstop_tsc cpuid extd_apicid tsc_known_freq pni pclmulqdq ssse3 fma cx16 pcid sse4_1 sse4_2 movbe popcnt aes xsave avx f16c rdrand hypervisor lahf_lm cmp_legacy cr8_legacy abm sse4a misalignsse 3dnowprefetch osvw topoext invpcid_single ssbd ibrs ibpb stibp vmmcall fsgsbase tsc_adjust bmi1 avx2 smep bmi2 erms invpcid rdseed adx smap clflushopt clwb sha_ni xsaveopt xsavec xgetbv1 clzero xsaveerptr arat npt nrip_save umip rdpid
bugs		: sysret_ss_attrs null_seg spectre_v1 spectre_v2 spec_store_bypass
bogomips	: 4899.99
TLB size	: 2560 4K pages
clflush size	: 64
cache_alignment	: 64
address sizes	: 48 bits physical, 48 bits virtual
power management:

processor	: 4
vendor_id	: AuthenticAMD
cpu family	: 25
model		: 1
model name	: AMD EPYC 7B13
stepping	: 0
microcode	: 0x1000065
cpu MHz		: 2449.998
cache size	: 512 KB
physical id	: 0
siblings	: 8
core id		: 4
cpu cores	: 8
apicid		: 4
initial apicid	: 4
fpu		: yes
fpu_exception	: yes
cpuid level	: 13
wp		: yes
flags		: fpu vme de pse tsc msr pae mce cx8 apic sep mtrr pge mca cmov pat pse36 clflush mmx fxsr sse sse2 ht syscall nx mmxext fxsr_opt pdpe1gb rdtscp lm constant_tsc rep_good nopl xtopology nonstop_tsc cpuid extd_apicid tsc_known_freq pni pclmulqdq ssse3 fma cx16 pcid sse4_1 sse4_2 movbe popcnt aes xsave avx f16c rdrand hypervisor lahf_lm cmp_legacy cr8_legacy abm sse4a misalignsse 3dnowprefetch osvw topoext invpcid_single ssbd ibrs ibpb stibp vmmcall fsgsbase tsc_adjust bmi1 avx2 smep bmi2 erms invpcid rdseed adx smap clflushopt clwb sha_ni xsaveopt xsavec xgetbv1 clzero xsaveerptr arat npt nrip_save umip rdpid
bugs		: sysret_ss_attrs null_seg spectre_v1 spectre_v2 spec_store_bypass
bogomips	: 4899.99
TLB size	: 2560 4K pages
clflush size	: 64
cache_alignment	: 64
address sizes	: 48 bits physical, 48 bits virtual
power management:

processor	: 5
vendor_id	: AuthenticAMD
cpu family	: 25
model		: 1
model name	: AMD EPYC 7B13
stepping	: 0
microcode	: 0x1000065
cpu MHz		: 2449.998
cache size	: 512 KB
physical id	: 0
siblings	: 8
core id		: 5
cpu cores	: 8
apicid		: 5
initial apicid	: 5
fpu		: yes
fpu_exception	: yes
cpuid level	: 13
wp		: yes
flags		: fpu vme de pse tsc msr pae mce cx8 apic sep mtrr pge mca cmov pat pse36 clflush mmx fxsr sse sse2 ht syscall nx mmxext fxsr_opt pdpe1gb rdtscp lm constant_tsc rep_good nopl xtopology nonstop_tsc cpuid extd_apicid tsc_known_freq pni pclmulqdq ssse3 fma cx16 pcid sse4_1 sse4_2 movbe popcnt aes xsave avx f16c rdrand hypervisor lahf_lm cmp_legacy cr8_legacy abm sse4a misalignsse 3dnowprefetch osvw topoext invpcid_single ssbd ibrs ibpb stibp vmmcall fsgsbase tsc_adjust bmi1 avx2 smep bmi2 erms invpcid rdseed adx smap clflushopt clwb sha_ni xsaveopt xsavec xgetbv1 clzero xsaveerptr arat npt nrip_save umip rdpid
bugs		: sysret_ss_attrs null_seg spectre_v1 spectre_v2 spec_store_bypass
bogomips	: 4899.99
TLB size	: 2560 4K pages
clflush size	: 64
cache_alignment	: 64
address sizes	: 48 bits physical, 48 bits virtual
power management:

processor	: 6
vendor_id	: AuthenticAMD
cpu family	: 25
model		: 1
model name	: AMD EPYC 7B13
stepping	: 0
microcode	: 0x1000065
cpu MHz		: 2449.998
cache size	: 512 KB
physical id	: 0
siblings	: 8
core id		: 6
cpu cores	: 8
apicid		: 6
initial apicid	: 6
fpu		: yes
fpu_exception	: yes
cpuid level	: 13
wp		: yes
flags		: fpu vme de pse tsc msr pae mce cx8 apic sep mtrr pge mca cmov pat pse36 clflush mmx fxsr sse sse2 ht syscall nx mmxext fxsr_opt pdpe1gb rdtscp lm constant_tsc rep_good nopl xtopology nonstop_tsc cpuid extd_apicid tsc_known_freq pni pclmulqdq ssse3 fma cx16 pcid sse4_1 sse4_2 movbe popcnt aes xsave avx f16c rdrand hypervisor lahf_lm cmp_legacy cr8_legacy abm sse4a misalignsse 3dnowprefetch osvw topoext invpcid_single ssbd ibrs ibpb stibp vmmcall fsgsbase tsc_adjust bmi1 avx2 smep bmi2 erms invpcid rdseed adx smap clflushopt clwb sha_ni xsaveopt xsavec xgetbv1 clzero xsaveerptr arat npt nrip_save umip rdpid
bugs		: sysret_ss_attrs null_seg spectre_v1 spectre_v2 spec_store_bypass
bogomips	: 4899.99
TLB size	: 2560 4K pages
clflush size	: 64
cache_alignment	: 64
address sizes	: 48 bits physical, 48 bits virtual
power management:

processor	: 7
vendor_id	: AuthenticAMD
cpu family	: 25
model		: 1
model name	: AMD EPYC 7B13
stepping	: 0
microcode	: 0x1000065
cpu MHz		: 2449.998
cache size	: 512 KB
physical id	: 0
siblings	: 8
core id		: 7
cpu cores	: 8
apicid		: 7
initial apicid	: 7
fpu		: yes
fpu_exception	: yes
cpuid level	: 13
wp		: yes
flags		: fpu vme de pse tsc msr pae mce cx8 apic sep mtrr pge mca cmov pat pse36 clflush mmx fxsr sse sse2 ht syscall nx mmxext fxsr_opt pdpe1gb rdtscp lm constant_tsc rep_good nopl xtopology nonstop_tsc cpuid extd_apicid tsc_known_freq pni pclmulqdq ssse3 fma cx16 pcid sse4_1 sse4_2 movbe popcnt aes xsave avx f16c rdrand hypervisor lahf_lm cmp_legacy cr8_legacy abm sse4a misalignsse 3dnowprefetch osvw topoext invpcid_single ssbd ibrs ibpb stibp vmmcall fsgsbase tsc_adjust bmi1 avx2 smep bmi2 erms invpcid rdseed adx smap clflushopt clwb sha_ni xsaveopt xsavec xgetbv1 clzero xsaveerptr arat npt nrip_save umip rdpid
bugs		: sysret_ss_attrs null_seg spectre_v1 spectre_v2 spec_store_bypass
bogomips	: 4899.99
TLB size	: 2560 4K pages
clflush size	: 64
cache_alignment	: 64
address sizes	: 48 bits physical, 48 bits virtual
power management:



Memory: 4k page, physical 32940988k(16391008k free), swap 0k(0k free)

vm_info: OpenJDK 64-Bit Server VM (25.332-b09) for linux-amd64 JRE (1.8.0_332-8u332-ga-1~deb9u1-b09), built on Apr 24 2022 19:07:12 by "buildd" with gcc 6.3.0 20170516

time: Mon Sep  5 05:56:09 2022
timezone: UTC
elapsed time: 0.005187 seconds (0d 0h 0m 0s)

